This is pdfTeX, Version 3.14159265-2.6-1.40.20 (TeX Live 2019/Arch Linux) (preloaded format=pdflatex 2019.6.22)  23 JUN 2019 12:11
entering extended mode
 restricted \write18 enabled.
 file:line:error style messages enabled.
 %&-line parsing enabled.
**tesi.tex
(./tesi.tex
LaTeX2e <2018-12-01>
(/usr/share/texmf-dist/tex/latex/base/article.cls
Document Class: article 2018/09/03 v1.4i Standard LaTeX document class
(/usr/share/texmf-dist/tex/latex/base/size12.clo
File: size12.clo 2018/09/03 v1.4i Standard LaTeX file (size option)
)
\c@part=\count80
\c@section=\count81
\c@subsection=\count82
\c@subsubsection=\count83
\c@paragraph=\count84
\c@subparagraph=\count85
\c@figure=\count86
\c@table=\count87
\abovecaptionskip=\skip41
\belowcaptionskip=\skip42
\bibindent=\dimen102
) (/usr/share/texmf-dist/tex/generic/babel/babel.sty
Package: babel 2019/04/03 3.29 The Babel package
 (/usr/share/texmf-dist/tex/generic/babel/switch.def
File: switch.def 2019/04/03 3.29 Babel switching mechanism
) (/usr/share/texmf-dist/tex/generic/babel-italian/italian.ldf
Language: italian 2019/01/05 v.1.4.01 Italian support for the babel system
 (/usr/share/texmf-dist/tex/generic/babel/babel.def
File: babel.def 2019/04/03 3.29 Babel common definitions
\babel@savecnt=\count88
\U@D=\dimen103
 (/usr/share/texmf-dist/tex/generic/babel/txtbabel.def)
\bbl@dirlevel=\count89
)
\it@lettering=\count90
\it@doublequoteactive=\count91
\it@ISOcompliance=\count92
)) (/usr/share/texmf-dist/tex/latex/etoolbox/etoolbox.sty
Package: etoolbox 2018/08/19 v2.5f e-TeX tools for LaTeX (JAW)
\etb@tempcnta=\count93
) (/usr/share/texmf-dist/tex/latex/tools/verbatim.sty
Package: verbatim 2014/10/28 v1.5q LaTeX2e package for verbatim enhancements
\every@verbatim=\toks14
\verbatim@line=\toks15
\verbatim@in@stream=\read1
) (/usr/share/texmf-dist/tex/latex/graphics/graphicx.sty
Package: graphicx 2017/06/01 v1.1a Enhanced LaTeX Graphics (DPC,SPQR)
 (/usr/share/texmf-dist/tex/latex/graphics/keyval.sty
Package: keyval 2014/10/28 v1.15 key=value parser (DPC)
\KV@toks@=\toks16
) (/usr/share/texmf-dist/tex/latex/graphics/graphics.sty
Package: graphics 2017/06/25 v1.2c Standard LaTeX Graphics (DPC,SPQR)
 (/usr/share/texmf-dist/tex/latex/graphics/trig.sty
Package: trig 2016/01/03 v1.10 sin cos tan (DPC)
) (/usr/share/texmf-dist/tex/latex/graphics-cfg/graphics.cfg
File: graphics.cfg 2016/06/04 v1.11 sample graphics configuration
)
Package graphics Info: Driver file: pdftex.def on input line 99.
 (/usr/share/texmf-dist/tex/latex/graphics-def/pdftex.def
File: pdftex.def 2018/01/08 v1.0l Graphics/color driver for pdftex
))
\Gin@req@height=\dimen104
\Gin@req@width=\dimen105
) (/usr/share/texmf-dist/tex/latex/float/float.sty
Package: float 2001/11/08 v1.3d Float enhancements (AL)
\c@float@type=\count94
\float@exts=\toks17
\float@box=\box27
\@float@everytoks=\toks18
\@floatcapt=\box28
) (/usr/share/texmf-dist/tex/latex/mhchem/mhchem.sty
Package: mhchem 2018/06/22 v4.08 for typesetting chemical formulae
 (/usr/share/texmf-dist/tex/latex/l3kernel/expl3.sty
Package: expl3 2019-04-06 L3 programming layer (loader) 
 (/usr/share/texmf-dist/tex/latex/l3kernel/expl3-code.tex
Package: expl3 2019-04-06 L3 programming layer (code)
\c_max_int=\count95
\l_tmpa_int=\count96
\l_tmpb_int=\count97
\g_tmpa_int=\count98
\g_tmpb_int=\count99
\g__kernel_prg_map_int=\count100
\c__ior_term_ior=\count101
\c_log_iow=\count102
\l_iow_line_count_int=\count103
\l__iow_line_target_int=\count104
\l__iow_one_indent_int=\count105
\l__iow_indent_int=\count106
\c_zero_dim=\dimen106
\c_max_dim=\dimen107
\l_tmpa_dim=\dimen108
\l_tmpb_dim=\dimen109
\g_tmpa_dim=\dimen110
\g_tmpb_dim=\dimen111
\c_zero_skip=\skip43
\c_max_skip=\skip44
\l_tmpa_skip=\skip45
\l_tmpb_skip=\skip46
\g_tmpa_skip=\skip47
\g_tmpb_skip=\skip48
\c_zero_muskip=\muskip10
\c_max_muskip=\muskip11
\l_tmpa_muskip=\muskip12
\l_tmpb_muskip=\muskip13
\g_tmpa_muskip=\muskip14
\g_tmpb_muskip=\muskip15
\l_keys_choice_int=\count107
\l__intarray_loop_int=\count108
\c__intarray_sp_dim=\dimen112
\g__intarray_font_int=\count109
\c__fp_leading_shift_int=\count110
\c__fp_middle_shift_int=\count111
\c__fp_trailing_shift_int=\count112
\c__fp_big_leading_shift_int=\count113
\c__fp_big_middle_shift_int=\count114
\c__fp_big_trailing_shift_int=\count115
\c__fp_Bigg_leading_shift_int=\count116
\c__fp_Bigg_middle_shift_int=\count117
\c__fp_Bigg_trailing_shift_int=\count118
\c__kernel_randint_max_int=\count119
\g__fp_array_int=\count120
\l__fp_array_loop_int=\count121
\l__sort_length_int=\count122
\l__sort_min_int=\count123
\l__sort_top_int=\count124
\l__sort_max_int=\count125
\l__sort_true_max_int=\count126
\l__sort_block_int=\count127
\l__sort_begin_int=\count128
\l__sort_end_int=\count129
\l__sort_A_int=\count130
\l__sort_B_int=\count131
\l__sort_C_int=\count132
\l__tl_analysis_normal_int=\count133
\l__tl_analysis_index_int=\count134
\l__tl_analysis_nesting_int=\count135
\l__tl_analysis_type_int=\count136
\l__regex_internal_a_int=\count137
\l__regex_internal_b_int=\count138
\l__regex_internal_c_int=\count139
\l__regex_balance_int=\count140
\l__regex_group_level_int=\count141
\l__regex_mode_int=\count142
\c__regex_cs_in_class_mode_int=\count143
\c__regex_cs_mode_int=\count144
\l__regex_catcodes_int=\count145
\l__regex_default_catcodes_int=\count146
\c__regex_catcode_D_int=\count147
\c__regex_catcode_S_int=\count148
\c__regex_catcode_L_int=\count149
\c__regex_catcode_O_int=\count150
\c__regex_catcode_A_int=\count151
\c__regex_all_catcodes_int=\count152
\l__regex_show_lines_int=\count153
\l__regex_min_state_int=\count154
\l__regex_max_state_int=\count155
\l__regex_left_state_int=\count156
\l__regex_right_state_int=\count157
\l__regex_capturing_group_int=\count158
\l__regex_min_pos_int=\count159
\l__regex_max_pos_int=\count160
\l__regex_curr_pos_int=\count161
\l__regex_start_pos_int=\count162
\l__regex_success_pos_int=\count163
\l__regex_curr_char_int=\count164
\l__regex_curr_catcode_int=\count165
\l__regex_last_char_int=\count166
\l__regex_case_changed_char_int=\count167
\l__regex_curr_state_int=\count168
\l__regex_step_int=\count169
\l__regex_min_active_int=\count170
\l__regex_max_active_int=\count171
\l__regex_replacement_csnames_int=\count172
\l__regex_match_count_int=\count173
\l__regex_min_submatch_int=\count174
\l__regex_submatch_int=\count175
\l__regex_zeroth_submatch_int=\count176
\g__regex_trace_regex_int=\count177
\c_empty_box=\box29
\l_tmpa_box=\box30
\l_tmpb_box=\box31
\g_tmpa_box=\box32
\g_tmpb_box=\box33
\l__box_top_dim=\dimen113
\l__box_bottom_dim=\dimen114
\l__box_left_dim=\dimen115
\l__box_right_dim=\dimen116
\l__box_top_new_dim=\dimen117
\l__box_bottom_new_dim=\dimen118
\l__box_left_new_dim=\dimen119
\l__box_right_new_dim=\dimen120
\l__box_internal_box=\box34
\l__coffin_internal_box=\box35
\l__coffin_internal_dim=\dimen121
\l__coffin_offset_x_dim=\dimen122
\l__coffin_offset_y_dim=\dimen123
\l__coffin_x_dim=\dimen124
\l__coffin_y_dim=\dimen125
\l__coffin_x_prime_dim=\dimen126
\l__coffin_y_prime_dim=\dimen127
\c_empty_coffin=\box36
\l__coffin_aligned_coffin=\box37
\l__coffin_aligned_internal_coffin=\box38
\l_tmpa_coffin=\box39
\l_tmpb_coffin=\box40
\g_tmpa_coffin=\box41
\g_tmpb_coffin=\box42
\l__coffin_bounding_shift_dim=\dimen128
\l__coffin_left_corner_dim=\dimen129
\l__coffin_right_corner_dim=\dimen130
\l__coffin_bottom_corner_dim=\dimen131
\l__coffin_top_corner_dim=\dimen132
\l__coffin_scaled_total_height_dim=\dimen133
\l__coffin_scaled_width_dim=\dimen134
\c__coffin_empty_coffin=\box43
\l__coffin_display_coffin=\box44
\l__coffin_display_coord_coffin=\box45
\l__coffin_display_pole_coffin=\box46
\l__coffin_display_offset_dim=\dimen135
\l__coffin_display_x_dim=\dimen136
\l__coffin_display_y_dim=\dimen137
\g__file_internal_ior=\read2
\l__seq_internal_a_int=\count178
\l__seq_internal_b_int=\count179
\c__deprecation_minus_one=\count180
)
(/usr/share/texmf-dist/tex/latex/l3kernel/l3pdfmode.def
File: l3pdfmode.def 2019-04-06 v L3 Experimental driver: PDF mode
\l__driver_color_stack_int=\count181
)) (/usr/share/texmf-dist/tex/latex/l3packages/l3keys2e/l3keys2e.sty
Package: l3keys2e 2019-03-05 LaTeX2e option processing using LaTeX3 keys
) (/usr/share/texmf-dist/tex/latex/tools/calc.sty
Package: calc 2017/05/25 v4.3 Infix arithmetic (KKT,FJ)
\calc@Acount=\count182
\calc@Bcount=\count183
\calc@Adimen=\dimen138
\calc@Bdimen=\dimen139
\calc@Askip=\skip49
\calc@Bskip=\skip50
LaTeX Info: Redefining \setlength on input line 80.
LaTeX Info: Redefining \addtolength on input line 81.
\calc@Ccount=\count184
\calc@Cskip=\skip51
) (/usr/share/texmf-dist/tex/latex/amsmath/amsmath.sty
Package: amsmath 2018/12/01 v2.17b AMS math features
\@mathmargin=\skip52

For additional information on amsmath, use the `?' option.
(/usr/share/texmf-dist/tex/latex/amsmath/amstext.sty
Package: amstext 2000/06/29 v2.01 AMS text
 (/usr/share/texmf-dist/tex/latex/amsmath/amsgen.sty
File: amsgen.sty 1999/11/30 v2.0 generic functions
\@emptytoks=\toks19
\ex@=\dimen140
)) (/usr/share/texmf-dist/tex/latex/amsmath/amsbsy.sty
Package: amsbsy 1999/11/29 v1.2d Bold Symbols
\pmbraise@=\dimen141
) (/usr/share/texmf-dist/tex/latex/amsmath/amsopn.sty
Package: amsopn 2016/03/08 v2.02 operator names
)
\inf@bad=\count185
LaTeX Info: Redefining \frac on input line 223.
\uproot@=\count186
\leftroot@=\count187
LaTeX Info: Redefining \overline on input line 385.
\classnum@=\count188
\DOTSCASE@=\count189
LaTeX Info: Redefining \ldots on input line 482.
LaTeX Info: Redefining \dots on input line 485.
LaTeX Info: Redefining \cdots on input line 606.
\Mathstrutbox@=\box47
\strutbox@=\box48
\big@size=\dimen142
LaTeX Font Info:    Redeclaring font encoding OML on input line 729.
LaTeX Font Info:    Redeclaring font encoding OMS on input line 730.
\macc@depth=\count190
\c@MaxMatrixCols=\count191
\dotsspace@=\muskip16
\c@parentequation=\count192
\dspbrk@lvl=\count193
\tag@help=\toks20
\row@=\count194
\column@=\count195
\maxfields@=\count196
\andhelp@=\toks21
\eqnshift@=\dimen143
\alignsep@=\dimen144
\tagshift@=\dimen145
\tagwidth@=\dimen146
\totwidth@=\dimen147
\lineht@=\dimen148
\@envbody=\toks22
\multlinegap=\skip53
\multlinetaggap=\skip54
\mathdisplay@stack=\toks23
LaTeX Info: Redefining \[ on input line 2844.
LaTeX Info: Redefining \] on input line 2845.
) (/usr/share/texmf-dist/tex/latex/chemgreek/chemgreek.sty (/usr/share/texmf-dist/tex/latex/l3packages/xparse/xparse.sty
Package: xparse 2019-03-05 L3 Experimental document command parser
\l__xparse_current_arg_int=\count197
\g__xparse_grabber_int=\count198
\l__xparse_m_args_int=\count199
\l__xparse_v_nesting_int=\count266
)
Package: chemgreek 2016/12/20 v1.1 interfaceforuprightgreeklettersforuseinchemistry (CN)
\l__chemgreek_tmpa_int=\count267
\g__chemgreek_tmpa_int=\count268
)
\l__mhchem_ce_distanceFromLastComma_int=\count269
\__mhchem_arrow_extPgfLength_skip=\skip55
\mhchem@minispace@tmp=\skip56
\mhchem@minibackspace@tmp=\skip57
\mhchem@bondwidth=\skip58
\mhchem@bondheight=\skip59
\mhchem@smallbondwidth@tmpA=\skip60
\mhchem@smallbondwidth@tmpB=\skip61
\mhchem@smallbondwidth=\skip62
\mhchem@bondtmp@minussidebearingleft=\skip63
\mhchem@bondtmp@minussidebearingright=\skip64
\l__mhchem_option_version_int=\count270
\mhchem@option@minusmathsidebearingleft=\dimen149
\mhchem@option@minusmathsidebearingright=\dimen150
\mhchem@option@minustextsidebearingleft=\dimen151
\mhchem@option@minustextsidebearingright=\dimen152
) (/usr/share/texmf-dist/tex/latex/caption/subcaption.sty
Package: subcaption 2018/05/01 v1.1-162 Sub-captions (AR)
 (/usr/share/texmf-dist/tex/latex/caption/caption.sty
Package: caption 2018/10/06 v3.3-154 Customizing captions (AR)
 (/usr/share/texmf-dist/tex/latex/caption/caption3.sty
Package: caption3 2018/09/12 v1.8c caption3 kernel (AR)
Package caption3 Info: TeX engine: e-TeX on input line 64.
\captionmargin=\dimen153
\captionmargin@=\dimen154
\captionwidth=\dimen155
\caption@tempdima=\dimen156
\caption@indent=\dimen157
\caption@parindent=\dimen158
\caption@hangindent=\dimen159
)
\c@caption@flags=\count271
\c@ContinuedFloat=\count272
Package caption Info: float package is loaded.
)
\c@subfigure=\count273
\c@subtable=\count274
) (/usr/share/texmf-dist/tex/latex/psnfss/pifont.sty
Package: pifont 2005/04/12 PSNFSS-v9.2a Pi font support (SPQR) 
LaTeX Font Info:    Try loading font information for U+pzd on input line 63.
 (/usr/share/texmf-dist/tex/latex/psnfss/upzd.fd
File: upzd.fd 2001/06/04 font definitions for U/pzd.
)
LaTeX Font Info:    Try loading font information for U+psy on input line 64.
 (/usr/share/texmf-dist/tex/latex/psnfss/upsy.fd
File: upsy.fd 2001/06/04 font definitions for U/psy.
)) (/usr/share/texmf-dist/tex/latex/tocbibind/tocbibind.sty
Package: tocbibind 2010/10/13 v1.5k extra ToC listings
Package tocbibind Info: The document has section divisions on input line 50.


Package tocbibind Note: Using section or other style headings.

) (/usr/share/texmf-dist/tex/latex/biblatex/biblatex.sty
Package: biblatex 2018/11/02 v3.12 programmable bibliographies (PK/MW)
 (/usr/share/texmf-dist/tex/generic/oberdiek/pdftexcmds.sty
Package: pdftexcmds 2018/09/10 v0.29 Utility functions of pdfTeX for LuaTeX (HO)
 (/usr/share/texmf-dist/tex/generic/oberdiek/infwarerr.sty
Package: infwarerr 2016/05/16 v1.4 Providing info/warning/error messages (HO)
) (/usr/share/texmf-dist/tex/generic/oberdiek/ifluatex.sty
Package: ifluatex 2016/05/16 v1.4 Provides the ifluatex switch (HO)
Package ifluatex Info: LuaTeX not detected.
) (/usr/share/texmf-dist/tex/generic/oberdiek/ltxcmds.sty
Package: ltxcmds 2016/05/16 v1.23 LaTeX kernel commands for general use (HO)
) (/usr/share/texmf-dist/tex/generic/oberdiek/ifpdf.sty
Package: ifpdf 2018/09/07 v3.3 Provides the ifpdf switch
)
Package pdftexcmds Info: LuaTeX not detected.
Package pdftexcmds Info: \pdf@primitive is available.
Package pdftexcmds Info: \pdf@ifprimitive is available.
Package pdftexcmds Info: \pdfdraftmode found.
) (/usr/share/texmf-dist/tex/latex/oberdiek/kvoptions.sty
Package: kvoptions 2016/05/16 v3.12 Key value format for package options (HO)
 (/usr/share/texmf-dist/tex/generic/oberdiek/kvsetkeys.sty
Package: kvsetkeys 2016/05/16 v1.17 Key value parser (HO)
 (/usr/share/texmf-dist/tex/generic/oberdiek/etexcmds.sty
Package: etexcmds 2016/05/16 v1.6 Avoid name clashes with e-TeX commands (HO)
))) (/usr/share/texmf-dist/tex/latex/logreq/logreq.sty
Package: logreq 2010/08/04 v1.0 xml request logger
\lrq@indent=\count275
 (/usr/share/texmf-dist/tex/latex/logreq/logreq.def
File: logreq.def 2010/08/04 v1.0 logreq spec v1.0
)) (/usr/share/texmf-dist/tex/latex/base/ifthen.sty
Package: ifthen 2014/09/29 v1.1c Standard LaTeX ifthen package (DPC)
) (/usr/share/texmf-dist/tex/latex/url/url.sty
\Urlmuskip=\muskip17
Package: url 2013/09/16  ver 3.4  Verb mode for urls, etc.
)
\c@tabx@nest=\count276
\c@listtotal=\count277
\c@listcount=\count278
\c@liststart=\count279
\c@liststop=\count280
\c@citecount=\count281
\c@citetotal=\count282
\c@multicitecount=\count283
\c@multicitetotal=\count284
\c@instcount=\count285
\c@maxnames=\count286
\c@minnames=\count287
\c@maxitems=\count288
\c@minitems=\count289
\c@citecounter=\count290
\c@maxcitecounter=\count291
\c@savedcitecounter=\count292
\c@uniquelist=\count293
\c@uniquename=\count294
\c@refsection=\count295
\c@refsegment=\count296
\c@maxextratitle=\count297
\c@maxextratitleyear=\count298
\c@maxextraname=\count299
\c@maxextradate=\count300
\c@maxextraalpha=\count301
\c@abbrvpenalty=\count302
\c@highnamepenalty=\count303
\c@lownamepenalty=\count304
\c@maxparens=\count305
\c@parenlevel=\count306
\blx@tempcnta=\count307
\blx@tempcntb=\count308
\blx@tempcntc=\count309
\blx@maxsection=\count310
\blx@maxsegment@0=\count311
\blx@notetype=\count312
\blx@parenlevel@text=\count313
\blx@parenlevel@foot=\count314
\blx@sectionciteorder@0=\count315
\blx@entrysetcounter=\count316
\labelnumberwidth=\skip65
\labelalphawidth=\skip66
\biblabelsep=\skip67
\bibitemsep=\skip68
\bibnamesep=\skip69
\bibinitsep=\skip70
\bibparsep=\skip71
\bibhang=\skip72
\blx@bcfin=\read3
\blx@bcfout=\write3
\c@mincomprange=\count317
\c@maxcomprange=\count318
\c@mincompwidth=\count319
Package biblatex Info: Trying to load biblatex default data model...
Package biblatex Info: ... file 'blx-dm.def' found.
 (/usr/share/texmf-dist/tex/latex/biblatex/blx-dm.def
File: blx-dm.def 2018/11/02 v3.12 biblatex localization (PK/MW)
)
Package biblatex Info: Trying to load biblatex style data model...
Package biblatex Info: ... file 'chem-acs.dbx' not found.
Package biblatex Info: Trying to load biblatex custom data model...
Package biblatex Info: ... file 'biblatex-dm.cfg' not found.
\c@afterword=\count320
\c@savedafterword=\count321
\c@annotator=\count322
\c@savedannotator=\count323
\c@author=\count324
\c@savedauthor=\count325
\c@bookauthor=\count326
\c@savedbookauthor=\count327
\c@commentator=\count328
\c@savedcommentator=\count329
\c@editor=\count330
\c@savededitor=\count331
\c@editora=\count332
\c@savededitora=\count333
\c@editorb=\count334
\c@savededitorb=\count335
\c@editorc=\count336
\c@savededitorc=\count337
\c@foreword=\count338
\c@savedforeword=\count339
\c@holder=\count340
\c@savedholder=\count341
\c@introduction=\count342
\c@savedintroduction=\count343
\c@namea=\count344
\c@savednamea=\count345
\c@nameb=\count346
\c@savednameb=\count347
\c@namec=\count348
\c@savednamec=\count349
\c@translator=\count350
\c@savedtranslator=\count351
\c@shortauthor=\count352
\c@savedshortauthor=\count353
\c@shorteditor=\count354
\c@savedshorteditor=\count355
\c@labelname=\count356
\c@savedlabelname=\count357
\c@institution=\count358
\c@savedinstitution=\count359
\c@lista=\count360
\c@savedlista=\count361
\c@listb=\count362
\c@savedlistb=\count363
\c@listc=\count364
\c@savedlistc=\count365
\c@listd=\count366
\c@savedlistd=\count367
\c@liste=\count368
\c@savedliste=\count369
\c@listf=\count370
\c@savedlistf=\count371
\c@location=\count372
\c@savedlocation=\count373
\c@organization=\count374
\c@savedorganization=\count375
\c@origlocation=\count376
\c@savedoriglocation=\count377
\c@origpublisher=\count378
\c@savedorigpublisher=\count379
\c@publisher=\count380
\c@savedpublisher=\count381
\c@language=\count382
\c@savedlanguage=\count383
\c@origlanguage=\count384
\c@savedoriglanguage=\count385
\c@pageref=\count386
\c@savedpageref=\count387
\shorthandwidth=\skip73
\shortjournalwidth=\skip74
\shortserieswidth=\skip75
\shorttitlewidth=\skip76
\shortauthorwidth=\skip77
\shorteditorwidth=\skip78
\locallabelnumberwidth=\skip79
\locallabelalphawidth=\skip80
\localshorthandwidth=\skip81
\localshortjournalwidth=\skip82
\localshortserieswidth=\skip83
\localshorttitlewidth=\skip84
\localshortauthorwidth=\skip85
\localshorteditorwidth=\skip86
Package biblatex Info: Trying to load compatibility code...
Package biblatex Info: ... file 'blx-compat.def' found.
 (/usr/share/texmf-dist/tex/latex/biblatex/blx-compat.def
File: blx-compat.def 2018/11/02 v3.12 biblatex compatibility (PK/MW)
)
Package biblatex Info: Trying to load generic definitions...
Package biblatex Info: ... file 'biblatex.def' found.
 (/usr/share/texmf-dist/tex/latex/biblatex/biblatex.def
File: biblatex.def 2018/11/02 v3.12 biblatex compatibility (PK/MW)
\c@textcitecount=\count388
\c@textcitetotal=\count389
\c@textcitemaxnames=\count390
\c@biburlnumpenalty=\count391
\c@biburlucpenalty=\count392
\c@biburllcpenalty=\count393
\c@smartand=\count394
)
Package biblatex Info: Trying to load bibliography style 'chem-acs'...
Package biblatex Info: ... file 'chem-acs.bbx' found.
 (/usr/share/texmf-dist/tex/latex/biblatex-chem/chem-acs.bbx
File: chem-acs.bbx 2018/10/18 v1.1w biblatex bibliography style
Package biblatex Info: Trying to load bibliography style 'numeric-comp'...
Package biblatex Info: ... file 'numeric-comp.bbx' found.

(/usr/share/texmf-dist/tex/latex/biblatex/bbx/numeric-comp.bbx
File: numeric-comp.bbx 2018/11/02 v3.12 biblatex bibliography style (PK/MW)
Package biblatex Info: Trying to load bibliography style 'numeric'...
Package biblatex Info: ... file 'numeric.bbx' found.
 (/usr/share/texmf-dist/tex/latex/biblatex/bbx/numeric.bbx
File: numeric.bbx 2018/11/02 v3.12 biblatex bibliography style (PK/MW)
Package biblatex Info: Trying to load bibliography style 'standard'...
Package biblatex Info: ... file 'standard.bbx' found.
 (/usr/share/texmf-dist/tex/latex/biblatex/bbx/standard.bbx
File: standard.bbx 2018/11/02 v3.12 biblatex bibliography style (PK/MW)
\c@bbx:relatedcount=\count395
\c@bbx:relatedtotal=\count396
))))
Package biblatex Info: Trying to load citation style 'chem-acs'...
Package biblatex Info: ... file 'chem-acs.cbx' found.
 (/usr/share/texmf-dist/tex/latex/biblatex-chem/chem-acs.cbx
File: chem-acs.cbx 2018/10/18 v1.1w biblatex citation style
Package biblatex Info: Trying to load citation style 'numeric-comp'...
Package biblatex Info: ... file 'numeric-comp.cbx' found.
 (/usr/share/texmf-dist/tex/latex/biblatex/cbx/numeric-comp.cbx
File: numeric-comp.cbx 2018/11/02 v3.12 biblatex citation style (PK/MW)
\c@cbx@tempcnta=\count397
\c@cbx@tempcntb=\count398
Package biblatex Info: Redefining '\cite'.
Package biblatex Info: Redefining '\parencite'.
Package biblatex Info: Redefining '\footcite'.
Package biblatex Info: Redefining '\footcitetext'.
Package biblatex Info: Redefining '\smartcite'.
Package biblatex Info: Redefining '\supercite'.
Package biblatex Info: Redefining '\textcite'.
Package biblatex Info: Redefining '\textcites'.
Package biblatex Info: Redefining '\cites'.
Package biblatex Info: Redefining '\parencites'.
Package biblatex Info: Redefining '\smartcites'.
))
Package biblatex Info: Trying to load configuration file...
Package biblatex Info: ... file 'biblatex.cfg' found.
 (/usr/share/texmf-dist/tex/latex/biblatex/biblatex.cfg
File: biblatex.cfg 
))
Package biblatex Info: Trying to load language 'italian'...
Package biblatex Info: ... file 'italian.lbx' found.
 (/usr/share/texmf-dist/tex/latex/biblatex/lbx/italian.lbx
File: italian.lbx 2018/11/02 v3.12 biblatex localization (PK/MW)
)

Package biblatex Warning: 'babel/polyglossia' detected but 'csquotes' missing.
(biblatex)                Loading 'csquotes' recommended.

\@quotelevel=\count399
\@quotereset=\count400
(./tesi.aux)
\openout1 = `tesi.aux'.

LaTeX Font Info:    Checking defaults for OML/cmm/m/it on input line 48.
LaTeX Font Info:    ... okay on input line 48.
LaTeX Font Info:    Checking defaults for T1/cmr/m/n on input line 48.
LaTeX Font Info:    ... okay on input line 48.
LaTeX Font Info:    Checking defaults for OT1/cmr/m/n on input line 48.
LaTeX Font Info:    ... okay on input line 48.
LaTeX Font Info:    Checking defaults for OMS/cmsy/m/n on input line 48.
LaTeX Font Info:    ... okay on input line 48.
LaTeX Font Info:    Checking defaults for OMX/cmex/m/n on input line 48.
LaTeX Font Info:    ... okay on input line 48.
LaTeX Font Info:    Checking defaults for U/cmr/m/n on input line 48.
LaTeX Font Info:    ... okay on input line 48.
LaTeX Info: Redefining \it@ocap on input line 48.
LaTeX Info: Redefining \it@ccap on input line 48.


File italian.ldf warning: 
italian.ldf    With OT1 encoding guillemets are poorly faked
italian.ldf    Use T1 encoding
italian.ldf    or specify a font with command \CaporaliFrom
italian.ldf    See the documentation concerning the babel-italian typesetting 
italian.ldf    on input line 48.

(/usr/share/texmf-dist/tex/context/base/mkii/supp-pdf.mkii
[Loading MPS to PDF converter (version 2006.09.02).]
\scratchcounter=\count401
\scratchdimen=\dimen160
\scratchbox=\box49
\nofMPsegments=\count402
\nofMParguments=\count403
\everyMPshowfont=\toks24
\MPscratchCnt=\count404
\MPscratchDim=\dimen161
\MPnumerator=\count405
\makeMPintoPDFobject=\count406
\everyMPtoPDFconversion=\toks25
) (/usr/share/texmf-dist/tex/latex/oberdiek/epstopdf-base.sty
Package: epstopdf-base 2016/05/15 v2.6 Base part for package epstopdf
 (/usr/share/texmf-dist/tex/latex/oberdiek/grfext.sty
Package: grfext 2016/05/16 v1.2 Manage graphics extensions (HO)
 (/usr/share/texmf-dist/tex/generic/oberdiek/kvdefinekeys.sty
Package: kvdefinekeys 2016/05/16 v1.4 Define keys (HO)
))
Package epstopdf-base Info: Redefining graphics rule for `.eps' on input line 438.
Package grfext Info: Graphics extension search list:
(grfext)             [.pdf,.png,.jpg,.mps,.jpeg,.jbig2,.jb2,.PDF,.PNG,.JPG,.JPEG,.JBIG2,.JB2,.eps]
(grfext)             \AppendGraphicsExtensions on input line 456.
 (/usr/share/texmf-dist/tex/latex/latexconfig/epstopdf-sys.cfg
File: epstopdf-sys.cfg 2010/07/13 v1.3 Configuration of (r)epstopdf for TeX Live
))

Package chemgreek Info: Activating mapping `default' on line 48.

Package caption Info: Begin \AtBeginDocument code.
Package caption Info: End \AtBeginDocument code.
Package biblatex Info: Input encoding 'utf8' detected.
Package biblatex Info: Automatic encoding selection.
(biblatex)             Assuming data encoding 'utf8'.
\openout3 = `tesi.bcf'.

Package biblatex Info: Trying to load bibliographic data...
Package biblatex Info: ... file 'tesi.bbl' found.
 (./tesi.bbl)
Package biblatex Info: Reference section=0 on input line 48.
Package biblatex Info: Reference segment=0 on input line 48.
 [0

{/var/lib/texmf/fonts/map/pdftex/updmap/pdftex.map}] (./tesi.toc [1])
\tf@toc=\write4
\openout4 = `tesi.toc'.

 [2] [1] [2]
<immagini/APP.png, id=22, 205.0059pt x 95.3964pt>
File: immagini/APP.png Graphic file (type png)
<use immagini/APP.png>
Package pdftex.def Info: immagini/APP.png  used on input line 88.
(pdftex.def)             Requested size: 390.0pt x 181.48497pt.
 [3 <./immagini/APP.png>]
<immagini/bbb.png, id=28, 353.82187pt x 241.65282pt>
File: immagini/bbb.png Graphic file (type png)
<use immagini/bbb.png>
Package pdftex.def Info: immagini/bbb.png  used on input line 109.
(pdftex.def)             Requested size: 312.00119pt x 213.09392pt.
 [4] [5 <./immagini/bbb.PNG>] [6]
<immagini/resveratrolo.png, id=41, 108.8868pt x 61.6704pt>
File: immagini/resveratrolo.png Graphic file (type png)
<use immagini/resveratrolo.png>
Package pdftex.def Info: immagini/resveratrolo.png  used on input line 149.
(pdftex.def)             Requested size: 195.0pt x 110.45328pt.
 [7] [8 <./immagini/resveratrolo.png>]
<immagini/heck.png, id=49, 293.6571pt x 152.4897pt>
File: immagini/heck.png Graphic file (type png)
<use immagini/heck.png>
Package pdftex.def Info: immagini/heck.png  used on input line 162.
(pdftex.def)             Requested size: 390.0pt x 202.51788pt.

Overfull \hbox (52.11633pt too wide) in paragraph at lines 168--169
\OT1/cmr/m/n/12 I rea-gen-ti di par-ten-za uti-liz-za-ti per l'ac-cop-pia-men-to so-no lo 1-iodo-3,5-dimetossibenzene
 []

[9 <./immagini/heck.png>]
<immagini/h-m_resveratrolo.png, id=54, 236.082pt x 101.178pt>
File: immagini/h-m_resveratrolo.png Graphic file (type png)
<use immagini/h-m_resveratrolo.png>
Package pdftex.def Info: immagini/h-m_resveratrolo.png  used on input line 180.
(pdftex.def)             Requested size: 390.0pt x 167.15569pt.
 [10 <./immagini/h-m_resveratrolo.png>]
<immagini/perc_cata_resv.png, id=60, 324.2514pt x 144.2991pt>
File: immagini/perc_cata_resv.png Graphic file (type png)
<use immagini/perc_cata_resv.png>
Package pdftex.def Info: immagini/perc_cata_resv.png  used on input line 199.
(pdftex.def)             Requested size: 390.0pt x 173.55876pt.
 [11]
<immagini/deprot_resveratrolo.png, id=65, 277.035pt x 74.679pt>
File: immagini/deprot_resveratrolo.png Graphic file (type png)
<use immagini/deprot_resveratrolo.png>
Package pdftex.def Info: immagini/deprot_resveratrolo.png  used on input line 211.
(pdftex.def)             Requested size: 390.0pt x 105.13101pt.
 [12 <./immagini/perc_cata_resv.png>]
<immagini/acetilcolina.png, id=70, 166.221pt x 67.452pt>
File: immagini/acetilcolina.png Graphic file (type png)
<use immagini/acetilcolina.png>
Package pdftex.def Info: immagini/acetilcolina.png  used on input line 230.
(pdftex.def)             Requested size: 117.00119pt x 47.47852pt.
<immagini/colina.png, id=71, 158.191pt x 73.073pt>
File: immagini/colina.png Graphic file (type png)
<use immagini/colina.png>
Package pdftex.def Info: immagini/colina.png  used on input line 235.
(pdftex.def)             Requested size: 117.00119pt x 54.0464pt.
 [13 <./immagini/deprot_resveratrolo.png> <./immagini/acetilcolina.png> <./immagini/colina.png>]
<immagini/oly_resveratrolo.png, id=79, 164.2938pt x 188.6247pt>
File: immagini/oly_resveratrolo.png Graphic file (type png)
<use immagini/oly_resveratrolo.png>
Package pdftex.def Info: immagini/oly_resveratrolo.png  used on input line 247.
(pdftex.def)             Requested size: 390.0pt x 447.7868pt.
 [14 <./immagini/oly_resveratrolo.png>]
<immagini/risache_resveratrolo.png, id=84, 165.4983pt x 114.6684pt>
File: immagini/risache_resveratrolo.png Graphic file (type png)
<use immagini/risache_resveratrolo.png>
Package pdftex.def Info: immagini/risache_resveratrolo.png  used on input line 256.
(pdftex.def)             Requested size: 350.99762pt x 243.23755pt.
 [15 <./immagini/risache_resveratrolo.png>]
<immagini/risbuche_resveratrolo.png, id=90, 244.0317pt x 169.1118pt>
File: immagini/risbuche_resveratrolo.png Graphic file (type png)
<use immagini/risbuche_resveratrolo.png>
Package pdftex.def Info: immagini/risbuche_resveratrolo.png  used on input line 265.
(pdftex.def)             Requested size: 350.99762pt x 243.2679pt.
 [16 <./immagini/risbuche_resveratrolo.png>]
<immagini/apo_resveratrolo.png, id=96, 278.9622pt x 183.5658pt>
File: immagini/apo_resveratrolo.png Graphic file (type png)
<use immagini/apo_resveratrolo.png>
Package pdftex.def Info: immagini/apo_resveratrolo.png  used on input line 278.
(pdftex.def)             Requested size: 350.99762pt x 230.98601pt.
 [17 <./immagini/apo_resveratrolo.png>]
<immagini/roi_resveratrolo.png, id=101, 299.4387pt x 99.2508pt>
File: immagini/roi_resveratrolo.png Graphic file (type png)
<use immagini/roi_resveratrolo.png>
Package pdftex.def Info: immagini/roi_resveratrolo.png  used on input line 287.
(pdftex.def)             Requested size: 350.99762pt x 116.33951pt.
 [18 <./immagini/roi_resveratrolo.png>]
<immagini/curcumina.png, id=106, 1172.38pt x 417.56pt>
File: immagini/curcumina.png Graphic file (type png)
<use immagini/curcumina.png>
Package pdftex.def Info: immagini/curcumina.png  used on input line 313.
(pdftex.def)             Requested size: 234.00238pt x 83.33849pt.
 [19 <./immagini/curcumina.png>]
<immagini/generale_curcdone.png, id=111, 281.6121pt x 178.5069pt>
File: immagini/generale_curcdone.png Graphic file (type png)
<use immagini/generale_curcdone.png>
Package pdftex.def Info: immagini/generale_curcdone.png  used on input line 324.
(pdftex.def)             Requested size: 390.0pt x 247.22498pt.
 [20 <./immagini/generale_curcdone.png>]
<immagini/farmadone_curcdone.png, id=116, 325.4559pt x 113.9457pt>
File: immagini/farmadone_curcdone.png Graphic file (type png)
<use immagini/farmadone_curcdone.png>
Package pdftex.def Info: immagini/farmadone_curcdone.png  used on input line 342.
(pdftex.def)             Requested size: 390.0pt x 136.54984pt.
 [21]
<immagini/farmacurc_curcdone.png, id=120, 327.8649pt x 127.9179pt>
File: immagini/farmacurc_curcdone.png Graphic file (type png)
<use immagini/farmacurc_curcdone.png>
Package pdftex.def Info: immagini/farmacurc_curcdone.png  used on input line 357.
(pdftex.def)             Requested size: 390.0pt x 152.16951pt.
 [22 <./immagini/farmadone_curcdone.png>]
<immagini/condserie1_curcdone.png, id=126, 370.7451pt x 147.6717pt>
File: immagini/condserie1_curcdone.png Graphic file (type png)
<use immagini/condserie1_curcdone.png>
Package pdftex.def Info: immagini/condserie1_curcdone.png  used on input line 372.
(pdftex.def)             Requested size: 390.0pt x 155.35052pt.
 [23 <./immagini/farmacurc_curcdone.png>]
<immagini/condserie2_curcdone.png, id=131, 349.305pt x 106.7187pt>
File: immagini/condserie2_curcdone.png Graphic file (type png)
<use immagini/condserie2_curcdone.png>
Package pdftex.def Info: immagini/condserie2_curcdone.png  used on input line 385.
(pdftex.def)             Requested size: 390.0pt x 119.15935pt.
 [24 <./immagini/condserie1_curcdone.png> <./immagini/condserie2_curcdone.png>]
<immagini/tabellacomposti_curcdone.png, id=137, 266.4354pt x 182.3613pt>
File: immagini/tabellacomposti_curcdone.png Graphic file (type png)
<use immagini/tabellacomposti_curcdone.png>
Package pdftex.def Info: immagini/tabellacomposti_curcdone.png  used on input line 395.
(pdftex.def)             Requested size: 312.00119pt x 213.57054pt.
 [25 <./immagini/tabellacomposti_curcdone.png>] [26]
<immagini/roi_curcdone.png, id=145, 262.581pt x 31.7988pt>
File: immagini/roi_curcdone.png Graphic file (type png)
<use immagini/roi_curcdone.png>
Package pdftex.def Info: immagini/roi_curcdone.png  used on input line 419.
(pdftex.def)             Requested size: 390.0pt x 47.23225pt.
 [27 <./immagini/roi_curcdone.png>]
<immagini/selfab_curcdone.png, id=150, 262.581pt x 41.6757pt>
File: immagini/selfab_curcdone.png Graphic file (type png)
<use immagini/selfab_curcdone.png>
Package pdftex.def Info: immagini/selfab_curcdone.png  used on input line 431.
(pdftex.def)             Requested size: 390.0pt x 61.90288pt.
<immagini/metab_curcdone.png, id=151, 258.7266pt x 191.9973pt>
File: immagini/metab_curcdone.png Graphic file (type png)
<use immagini/metab_curcdone.png>
Package pdftex.def Info: immagini/metab_curcdone.png  used on input line 440.
(pdftex.def)             Requested size: 390.0pt x 289.419pt.
 [28 <./immagini/selfab_curcdone.png>] [29 <./immagini/metab_curcdone.png>]
<immagini/bpy.png, id=161, 240.097pt x 82.709pt>
File: immagini/bpy.png Graphic file (type png)
<use immagini/bpy.png>
Package pdftex.def Info: immagini/bpy.png  used on input line 465.
(pdftex.def)             Requested size: 195.0pt x 67.17438pt.
 [30]
<immagini/bpy_mod.png, id=165, 304.9794pt x 125.5089pt>
File: immagini/bpy_mod.png Graphic file (type png)
<use immagini/bpy_mod.png>
Package pdftex.def Info: immagini/bpy_mod.png  used on input line 476.
(pdftex.def)             Requested size: 390.0pt x 160.50143pt.
 [31 <./immagini/bpy.png>]
<immagini/rea_g.png, id=170, 333.8874pt x 64.3203pt>
File: immagini/rea_g.png Graphic file (type png)
<use immagini/rea_g.png>
Package pdftex.def Info: immagini/rea_g.png  used on input line 491.
(pdftex.def)             Requested size: 390.0pt x 75.13174pt.
 [32 <./immagini/bpy_mod.PNG>]
<immagini/stille.png, id=175, 341.77687pt x 266.49562pt>
File: immagini/stille.png Graphic file (type png)
<use immagini/stille.png>
Package pdftex.def Info: immagini/stille.png  used on input line 508.
(pdftex.def)             Requested size: 350.99762pt x 273.70467pt.

Underfull \hbox (badness 1960) in paragraph at lines 509--509
[]\OT1/cmr/m/n/12 Figura 27: |Rap-pre-sen-ta-zio-ne sche-ma-ti-ca del ci-clo ca-ta-li-ti-co coin-vol-
 []

[33 <./immagini/rea_g.png>] [34 <./immagini/stille.png>]
<immagini/ris_bpy.png, id=185, 183.3249pt x 174.8934pt>
File: immagini/ris_bpy.png Graphic file (type png)
<use immagini/ris_bpy.png>
Package pdftex.def Info: immagini/ris_bpy.png  used on input line 531.
(pdftex.def)             Requested size: 390.0pt x 372.08522pt.
 [35]
<immagini/ris_bpy2.png, id=189, 175.6161pt x 114.9093pt>
File: immagini/ris_bpy2.png Graphic file (type png)
<use immagini/ris_bpy2.png>
Package pdftex.def Info: immagini/ris_bpy2.png  used on input line 538.
(pdftex.def)             Requested size: 390.0pt x 255.21562pt.
 [36 <./immagini/ris_bpy.png>] [37 <./immagini/ris_bpy2.png>] [38] [39] [40]
Overfull \hbox (20.25792pt too wide) in paragraph at lines 571--571
[]\OT1/cmr/m/n/12 Goedert, M.; Spil-lan-ti-ni, M. G. \OT1/cmr/m/it/12 Scien-ce \OT1/cmr/bx/n/12 2006\OT1/cmr/m/n/12 , \OT1/cmr/m/it/12 314\OT1/cmr/m/n/12 , WOS:000241729800034,
 []


Overfull \hbox (53.89546pt too wide) in paragraph at lines 571--571
[]\OT1/cmr/m/n/12 Kumar, A.; Sin-gh, A.; Eka-va-li \OT1/cmr/m/it/12 Phar-ma-col. Rep. \OT1/cmr/bx/n/12 2015\OT1/cmr/m/n/12 , \OT1/cmr/m/it/12 67\OT1/cmr/m/n/12 , WOS:000350611900004,
 []

[41]
Overfull \hbox (47.03926pt too wide) in paragraph at lines 571--571
[]\OT1/cmr/m/n/12 Jang, J. H.; Su-rh, Y. J. \OT1/cmr/m/it/12 Free Ra-dic. Biol. Med. \OT1/cmr/bx/n/12 2003\OT1/cmr/m/n/12 , \OT1/cmr/m/it/12 34\OT1/cmr/m/n/12 , WOS:000182230700016,
 []

[42]
Overfull \hbox (8.29393pt too wide) in paragraph at lines 571--571
[]\OT1/cmr/m/n/12 Kurien, B. T.; Sco-field, R. H. \OT1/cmr/m/it/12 Me-thods \OT1/cmr/bx/n/12 2006\OT1/cmr/m/n/12 , \OT1/cmr/m/it/12 38\OT1/cmr/m/n/12 , WOS:000236599100006,
 []

[43] (./tesi.aux)
Package logreq Info: Writing requests to 'tesi.run.xml'.
\openout1 = `tesi.run.xml'.

 ) 
Here is how much of TeX's memory you used:
 21546 strings out of 492623
 405078 string characters out of 6135669
 794697 words of memory out of 5000000
 25267 multiletter control sequences out of 15000+600000
 540137 words of font info for 51 fonts, out of 8000000 for 9000
 1141 hyphenation exceptions out of 8191
 50i,12n,73p,3991b,1392s stack positions out of 5000i,500n,10000p,200000b,80000s
</usr/share/texmf-dist/fonts/type1/public/amsfonts/cm/cmbx12.pfb></usr/share/texmf-dist/fonts/type1/public/amsfonts/cm/cmmi12.pfb></usr/share/texmf-dist/fonts/type1/public/amsfonts/cm/cmr10.pfb></usr/share/texmf-dist/fonts/type1/public/amsfonts/cm/cmr12.pfb></usr/share/texmf-dist/fonts/type1/public/amsfonts/cm/cmr17.pfb></usr/share/texmf-dist/fonts/type1/public/amsfonts/cm/cmr8.pfb></usr/share/texmf-dist/fonts/type1/public/amsfonts/cm/cmsy8.pfb></usr/share/texmf-dist/fonts/type1/public/amsfonts/cm/cmti12.pfb></usr/share/texmf-dist/fonts/type1/public/amsfonts/cm/cmtt12.pfb></usr/share/texmf-dist/fonts/type1/urw/zapfding/uzdr.pfb>
Output written on tesi.pdf (46 pages, 3702434 bytes).
PDF statistics:
 255 PDF objects out of 1000 (max. 8388607)
 135 compressed objects within 2 object streams
 0 named destinations out of 1000 (max. 500000)
 151 words of extra memory for PDF output out of 10000 (max. 10000000)

